0 info it worked if it ends with ok
1 verbose cli [ '/usr/local/bin/node',
1 verbose cli   '/usr/local/bin/npm',
1 verbose cli   'install',
1 verbose cli   '-g',
1 verbose cli   'foreman' ]
2 info using npm@1.2.30
3 info using node@v0.10.11
4 verbose read json /usr/local/lib/package.json
5 verbose read json /usr/local/lib/package.json
6 verbose cache add [ 'foreman', null ]
7 verbose cache add name=undefined spec="foreman" args=["foreman",null]
8 verbose parsed url { protocol: null,
8 verbose parsed url   slashes: null,
8 verbose parsed url   auth: null,
8 verbose parsed url   host: null,
8 verbose parsed url   port: null,
8 verbose parsed url   hostname: null,
8 verbose parsed url   hash: null,
8 verbose parsed url   search: null,
8 verbose parsed url   query: null,
8 verbose parsed url   pathname: 'foreman',
8 verbose parsed url   path: 'foreman',
8 verbose parsed url   href: 'foreman' }
9 silly lockFile faf84889-foreman foreman
10 verbose lock foreman /home/santhu/.npm/faf84889-foreman.lock
11 silly lockFile faf84889-foreman foreman
12 silly lockFile faf84889-foreman foreman
13 verbose addNamed [ 'foreman', '' ]
14 verbose addNamed [ null, '' ]
15 silly lockFile 055239d3-foreman foreman@
16 verbose lock foreman@ /home/santhu/.npm/055239d3-foreman.lock
17 silly addNameRange { name: 'foreman', range: '', hasData: false }
18 verbose url raw foreman
19 verbose url resolving [ 'https://registry.npmjs.org/', './foreman' ]
20 verbose url resolved https://registry.npmjs.org/foreman
21 info trying registry request attempt 1 at 12:50:30
22 http GET https://registry.npmjs.org/foreman
23 http 200 https://registry.npmjs.org/foreman
24 silly registry.get cb [ 200,
24 silly registry.get   { vary: 'Accept',
24 silly registry.get     server: 'CouchDB/1.3.0 (Erlang OTP/R15B03)',
24 silly registry.get     etag: '"3047MR9F21G0VYTWN6X409WUE"',
24 silly registry.get     date: 'Wed, 26 Jun 2013 07:20:34 GMT',
24 silly registry.get     'content-type': 'application/json',
24 silly registry.get     'content-length': '203404' } ]
25 silly addNameRange number 2 { name: 'foreman', range: '', hasData: true }
26 silly addNameRange versions [ 'foreman',
26 silly addNameRange   [ '0.0.0',
26 silly addNameRange     '0.0.1',
26 silly addNameRange     '0.0.2',
26 silly addNameRange     '0.0.3',
26 silly addNameRange     '0.0.4',
26 silly addNameRange     '0.0.5',
26 silly addNameRange     '0.0.6',
26 silly addNameRange     '0.0.8',
26 silly addNameRange     '0.0.9',
26 silly addNameRange     '0.0.10',
26 silly addNameRange     '0.0.11',
26 silly addNameRange     '0.0.12',
26 silly addNameRange     '0.0.13',
26 silly addNameRange     '0.0.14',
26 silly addNameRange     '0.0.15',
26 silly addNameRange     '0.0.16',
26 silly addNameRange     '0.0.17',
26 silly addNameRange     '0.0.18',
26 silly addNameRange     '0.0.19',
26 silly addNameRange     '0.0.20',
26 silly addNameRange     '0.0.21',
26 silly addNameRange     '0.0.22',
26 silly addNameRange     '0.0.23',
26 silly addNameRange     '0.0.24',
26 silly addNameRange     '0.0.25' ] ]
27 verbose addNamed [ 'foreman', '0.0.25' ]
28 verbose addNamed [ '0.0.25', '0.0.25' ]
29 silly lockFile 46b1459d-foreman-0-0-25 foreman@0.0.25
30 verbose lock foreman@0.0.25 /home/santhu/.npm/46b1459d-foreman-0-0-25.lock
31 silly lockFile a415149b-s-org-foreman-foreman-0-0-25-tgz https://registry.npmjs.org/foreman/-/foreman-0.0.25.tgz
32 verbose lock https://registry.npmjs.org/foreman/-/foreman-0.0.25.tgz /home/santhu/.npm/a415149b-s-org-foreman-foreman-0-0-25-tgz.lock
33 verbose addRemoteTarball [ 'https://registry.npmjs.org/foreman/-/foreman-0.0.25.tgz',
33 verbose addRemoteTarball   '18ddb648544acd78842fb8a6ab81b08011c84dee' ]
34 info retry fetch attempt 1 at 12:50:40
35 verbose fetch to= /home/santhu/tmp/npm-5219/1372231240196-0.37600632244721055/tmp.tgz
36 http GET https://registry.npmjs.org/foreman/-/foreman-0.0.25.tgz
37 http 200 https://registry.npmjs.org/foreman/-/foreman-0.0.25.tgz
38 verbose tar unpack /home/santhu/tmp/npm-5219/1372231240196-0.37600632244721055/tmp.tgz
39 silly lockFile a443ff55-0196-0-37600632244721055-package tar:///home/santhu/tmp/npm-5219/1372231240196-0.37600632244721055/package
40 verbose lock tar:///home/santhu/tmp/npm-5219/1372231240196-0.37600632244721055/package /home/santhu/.npm/a443ff55-0196-0-37600632244721055-package.lock
41 silly lockFile 313152ea-0196-0-37600632244721055-tmp-tgz tar:///home/santhu/tmp/npm-5219/1372231240196-0.37600632244721055/tmp.tgz
42 verbose lock tar:///home/santhu/tmp/npm-5219/1372231240196-0.37600632244721055/tmp.tgz /home/santhu/.npm/313152ea-0196-0-37600632244721055-tmp-tgz.lock
43 silly gunzTarPerm modes [ '755', '644' ]
44 silly gunzTarPerm extractEntry package.json
45 silly gunzTarPerm extractEntry .npmignore
46 silly gunzTarPerm extractEntry README.md
47 silly gunzTarPerm extractEntry forward.js
48 silly gunzTarPerm extractEntry nf.js
49 silly gunzTarPerm extractEntry proxy.js
50 silly gunzTarPerm extractEntry assets/foreman-ls.png
51 silly gunzTarPerm extractEntry assets/foreman-start.png
52 silly gunzTarPerm extractEntry demo/server.js
53 silly gunzTarPerm extractEntry demo/.env
54 silly gunzTarPerm extractEntry demo/Procfile
55 silly gunzTarPerm extractEntry lib/colors.js
56 silly gunzTarPerm extractEntry lib/envs.js
57 silly gunzTarPerm extractEntry lib/forward.js
58 silly gunzTarPerm extractEntry lib/proc.js
59 silly gunzTarPerm extractEntry lib/console.js
60 silly gunzTarPerm extractEntry lib/proxy.js
61 silly gunzTarPerm extractEntry lib/requirements.js
62 silly gunzTarPerm extractEntry lib/upstart.js
63 silly gunzTarPerm extractEntry lib/procfile.js
64 silly gunzTarPerm extractEntry lib/systemd/foreman-APP-N.service
65 silly gunzTarPerm extractEntry lib/systemd/foreman-APP.target
66 silly gunzTarPerm extractEntry lib/systemd/foreman.target
67 silly gunzTarPerm extractEntry lib/upstart/foreman-APP-N.conf
68 silly gunzTarPerm extractEntry lib/upstart/foreman-APP.conf
69 silly gunzTarPerm extractEntry lib/upstart/foreman.conf
70 verbose read json /home/santhu/tmp/npm-5219/1372231240196-0.37600632244721055/package/package.json
71 silly lockFile a443ff55-0196-0-37600632244721055-package tar:///home/santhu/tmp/npm-5219/1372231240196-0.37600632244721055/package
72 silly lockFile a443ff55-0196-0-37600632244721055-package tar:///home/santhu/tmp/npm-5219/1372231240196-0.37600632244721055/package
73 silly lockFile 313152ea-0196-0-37600632244721055-tmp-tgz tar:///home/santhu/tmp/npm-5219/1372231240196-0.37600632244721055/tmp.tgz
74 silly lockFile 313152ea-0196-0-37600632244721055-tmp-tgz tar:///home/santhu/tmp/npm-5219/1372231240196-0.37600632244721055/tmp.tgz
75 verbose from cache /home/santhu/tmp/npm-5219/1372231240196-0.37600632244721055/package/package.json
76 verbose tar pack [ '/home/santhu/.npm/foreman/0.0.25/package.tgz',
76 verbose tar pack   '/home/santhu/tmp/npm-5219/1372231240196-0.37600632244721055/package' ]
77 verbose tarball /home/santhu/.npm/foreman/0.0.25/package.tgz
78 verbose folder /home/santhu/tmp/npm-5219/1372231240196-0.37600632244721055/package
79 silly lockFile a443ff55-0196-0-37600632244721055-package tar:///home/santhu/tmp/npm-5219/1372231240196-0.37600632244721055/package
80 verbose lock tar:///home/santhu/tmp/npm-5219/1372231240196-0.37600632244721055/package /home/santhu/.npm/a443ff55-0196-0-37600632244721055-package.lock
81 silly lockFile 99a79e02-u-npm-foreman-0-0-25-package-tgz tar:///home/santhu/.npm/foreman/0.0.25/package.tgz
82 verbose lock tar:///home/santhu/.npm/foreman/0.0.25/package.tgz /home/santhu/.npm/99a79e02-u-npm-foreman-0-0-25-package-tgz.lock
83 silly lockFile a443ff55-0196-0-37600632244721055-package tar:///home/santhu/tmp/npm-5219/1372231240196-0.37600632244721055/package
84 silly lockFile a443ff55-0196-0-37600632244721055-package tar:///home/santhu/tmp/npm-5219/1372231240196-0.37600632244721055/package
85 silly lockFile 99a79e02-u-npm-foreman-0-0-25-package-tgz tar:///home/santhu/.npm/foreman/0.0.25/package.tgz
86 silly lockFile 99a79e02-u-npm-foreman-0-0-25-package-tgz tar:///home/santhu/.npm/foreman/0.0.25/package.tgz
87 silly lockFile ea0994c7-anthu-npm-foreman-0-0-25-package /home/santhu/.npm/foreman/0.0.25/package
88 verbose lock /home/santhu/.npm/foreman/0.0.25/package /home/santhu/.npm/ea0994c7-anthu-npm-foreman-0-0-25-package.lock
89 silly lockFile ea0994c7-anthu-npm-foreman-0-0-25-package /home/santhu/.npm/foreman/0.0.25/package
90 silly lockFile ea0994c7-anthu-npm-foreman-0-0-25-package /home/santhu/.npm/foreman/0.0.25/package
91 verbose tar unpack /home/santhu/.npm/foreman/0.0.25/package.tgz
92 silly lockFile 33b042c5-anthu-npm-foreman-0-0-25-package tar:///home/santhu/.npm/foreman/0.0.25/package
93 verbose lock tar:///home/santhu/.npm/foreman/0.0.25/package /home/santhu/.npm/33b042c5-anthu-npm-foreman-0-0-25-package.lock
94 silly lockFile 99a79e02-u-npm-foreman-0-0-25-package-tgz tar:///home/santhu/.npm/foreman/0.0.25/package.tgz
95 verbose lock tar:///home/santhu/.npm/foreman/0.0.25/package.tgz /home/santhu/.npm/99a79e02-u-npm-foreman-0-0-25-package-tgz.lock
96 silly gunzTarPerm modes [ '755', '644' ]
97 silly gunzTarPerm extractEntry package.json
98 silly gunzTarPerm extractEntry .npmignore
99 silly gunzTarPerm extractEntry README.md
100 silly gunzTarPerm extractEntry forward.js
101 silly gunzTarPerm extractEntry nf.js
102 silly gunzTarPerm extractEntry proxy.js
103 silly gunzTarPerm extractEntry assets/foreman-ls.png
104 silly gunzTarPerm extractEntry assets/foreman-start.png
105 silly gunzTarPerm extractEntry demo/server.js
106 silly gunzTarPerm extractEntry demo/.env
107 silly gunzTarPerm extractEntry demo/Procfile
108 silly gunzTarPerm extractEntry lib/colors.js
109 silly gunzTarPerm extractEntry lib/envs.js
110 silly gunzTarPerm extractEntry lib/forward.js
111 silly gunzTarPerm extractEntry lib/proc.js
112 silly gunzTarPerm extractEntry lib/console.js
113 silly gunzTarPerm extractEntry lib/proxy.js
114 silly gunzTarPerm extractEntry lib/requirements.js
115 silly gunzTarPerm extractEntry lib/upstart.js
116 silly gunzTarPerm extractEntry lib/procfile.js
117 silly gunzTarPerm extractEntry lib/systemd/foreman-APP-N.service
118 silly gunzTarPerm extractEntry lib/systemd/foreman-APP.target
119 silly gunzTarPerm extractEntry lib/systemd/foreman.target
120 silly gunzTarPerm extractEntry lib/upstart/foreman-APP-N.conf
121 silly gunzTarPerm extractEntry lib/upstart/foreman-APP.conf
122 silly gunzTarPerm extractEntry lib/upstart/foreman.conf
123 verbose read json /home/santhu/.npm/foreman/0.0.25/package/package.json
124 silly lockFile 33b042c5-anthu-npm-foreman-0-0-25-package tar:///home/santhu/.npm/foreman/0.0.25/package
125 silly lockFile 33b042c5-anthu-npm-foreman-0-0-25-package tar:///home/santhu/.npm/foreman/0.0.25/package
126 silly lockFile 99a79e02-u-npm-foreman-0-0-25-package-tgz tar:///home/santhu/.npm/foreman/0.0.25/package.tgz
127 silly lockFile 99a79e02-u-npm-foreman-0-0-25-package-tgz tar:///home/santhu/.npm/foreman/0.0.25/package.tgz
128 verbose from cache /home/santhu/.npm/foreman/0.0.25/package/package.json
129 verbose chmod /home/santhu/.npm/foreman/0.0.25/package.tgz 644
130 verbose chown /home/santhu/.npm/foreman/0.0.25/package.tgz [ 1000, 1000 ]
131 silly lockFile a415149b-s-org-foreman-foreman-0-0-25-tgz https://registry.npmjs.org/foreman/-/foreman-0.0.25.tgz
132 silly lockFile a415149b-s-org-foreman-foreman-0-0-25-tgz https://registry.npmjs.org/foreman/-/foreman-0.0.25.tgz
133 silly lockFile 46b1459d-foreman-0-0-25 foreman@0.0.25
134 silly lockFile 46b1459d-foreman-0-0-25 foreman@0.0.25
135 silly lockFile 055239d3-foreman foreman@
136 silly lockFile 055239d3-foreman foreman@
137 silly resolved [ { name: 'foreman',
137 silly resolved     version: '0.0.25',
137 silly resolved     homepage: 'http://nodefly.github.com/node-foreman/',
137 silly resolved     description: 'Node Implementation of Foreman',
137 silly resolved     main: 'index.js',
137 silly resolved     author: { name: 'Jacob Groundwater' },
137 silly resolved     license: 'BSD',
137 silly resolved     keywords: [ 'foreman', 'upstart', 'commandline', 'env', 'Procfile' ],
137 silly resolved     bin: { nf: 'nf.js' },
137 silly resolved     dependencies:
137 silly resolved      { colors: 'latest',
137 silly resolved        commander: 'latest',
137 silly resolved        mu2: 'latest',
137 silly resolved        'http-proxy': 'latest' },
137 silly resolved     repository:
137 silly resolved      { type: 'git',
137 silly resolved        url: 'https://github.com/NodeFly/node-foreman.git' },
137 silly resolved     bugs:
137 silly resolved      { url: 'https://github.com/NodeFly/node-foreman/issues',
137 silly resolved        email: 'jacob@nodefly.com' },
137 silly resolved     engines: { node: '>=0.6.9' },
137 silly resolved     preferGlobal: true,
137 silly resolved     readme: '# Node Foreman\n\nNode Foreman is a Node.js version of the popular \n[Foreman](http://ddollar.github.com/foreman/) tool,\nwith a few Node specific changes.\n\n> Foreman is a manager for Procfile-based applications. \n> Its aim is to abstract away the details of the Procfile \n> format, and allow you to either run your application \n> directly or export it to some other process management format.\n\n## Install\n\nInstall the command line tool\n\n    $ npm install -g foreman\n\nAll of Foremans version dependencies have been set to use `latest`.\nIf however you find a dependency should break it is possible to find out which dependency versions were last working with Foreman.\nThe `npm-shrinkwrap.json` file is updated each time Foreman is published to npm.\n\n### How to Contribute\n\nI encourage anyone and everyone to help.\nIf you have a specific change in mind, open an issue; we can talk about it there.\n\nIf you would like to make a code change, go ahead. \nFork the repository, open a pull request. \nDo this early, and talk about the change you want to make. \nMaybe we can work together on it.\n\nRefactor Refactor Refactor!\nYou are free to add features, or just help clean things up.\n\n## Usage\n\nNode Foreman can be run with as little as `nf start`, as long as `npm start` has been defined.\nFor more complicated applications you will want to define a `Procfile` for your various server\nprocesses and and a `.env` file to preload environmental variables.\n\nYour module directory should end up looking like the following:\n\n![List Foreman Directory](//raw.github.com/NodeFly/node-foreman/master/assets/foreman-ls.png)\n\nOnce your Procfile is defined, run your application with `nf start`:\n\n![Start Foreman](//raw.github.com/NodeFly/node-foreman/master/assets/foreman-start.png)\n\nNode Foreman _always_ starts in the foreground and expects your applications\nto do the same. If your processes exit, Node Foreman will assume an error\nhas ocurred and shut your application down.\n\nInstead of daemonizing, you should use `nf export` to ready your application\nfor production.\n\nFor more information try any of the following:\n\n\t$ nf --help\n\t$ nf start --help\n\t$ nf export --help\n\n### Procfile\n\nThe `Procfile` format is a simple `key : command` format:\n    \n    web: node web_server.js\n    api: node api_server.js\n    log: node log_server.js\n\nEach line should contain a separate process.\n\n### Environmental Variables\n\nCreate a `.env` file to pre-load environmental variables with the format:\n\n    MYSQL_NAME=superman\n    MYSQL_PASS=cryptonite\n\nThe equivalent `.env` file may alternatively be a valid JSON document:\n\n    {\n        "mysql":{\n            "name": "superman",\n            "pass": "cryptonite"\n        }\n    }\n\nThe above JSON document will be flattened into env variables by \nconcatenating the nested values with an underscore.\nEnvironmental variables are passed in fully capitalized.\n\n    {\n        "mysql":{\n            "name": "superman",     # => MYSQL_NAME=superman\n            "pass": "cryptonite"    # => MYSQL_PASS=cryptonite\n        }\n    }\n\nThere is no need to specify which type of file you wish to use.\n\n#### The PATH environment variable\n\nThe `PATH` variable is given special treament and is always read\nfrom the environment that the `nf` command has been executed from,\nrather than a `.env` file.  To set a different `PATH` execute\n`nf` with the `PATH` variable set appropriately.\n\n```bash\nPATH=/opt/foo:/opt/bar:$PATH nf export\n```\n\n#### Best Practices\n\nGenerally you should not check your `.env` file into version control.\nThe `.env` file contain _only_ parameters that depend on where the application\ngets deployed. It should not contain anything related to _how_ the application\nis deployed.\n\nFor example, good candiates for the `.env` file are MySQL connection information,\nport bindings, and other passwords.\n\n### Advanced Usage\n\nNode Foreman lets you start multiple jobs of the same type:\n\n    $ nf start web=5\n    \n    18:51:12: web.1     |  Web Server started listening on 0.0.0.0:5000\n    18:51:12: web.2     |  Web Server started listening on 0.0.0.0:5001\n    18:51:12: web.3     |  Web Server started listening on 0.0.0.0:5002\n    18:51:12: web.4     |  Web Server started listening on 0.0.0.0:5003\n    18:51:12: web.5     |  Web Server started listening on 0.0.0.0:5004\n\nEach job will be started as its own process, receiving a different `PORT`\nenvironmental variable. \nThe port number for processes of the same type will be offset by 1.\nThe port number for processes of different types will be offset by 100.\n\n    $ nf start web=2,api=2\n    \n    18:51:12: web.1     |  Web Server started listening on 0.0.0.0:5000\n    18:51:12: web.2     |  Web Server started listening on 0.0.0.0:5001\n    18:51:12: api.1     |  Api Server started listening on 0.0.0.0:5100\n    18:51:12: api.2     |  Api Server started listening on 0.0.0.0:5101\n\n## Export to Production\n\nNode Foreman is designed to be in a development environment,\nhowever it can export an Upstart job for use in production.\nThe Upstart file has _no_ dependency on Node Foreman.\n\n    $ nf export\n    Loaded ENV .env File as JSON Format\n    Wrote  :  ./foreman-web-1.conf\n    Wrote  :  ./foreman-web.conf\n    Wrote  :  ./foreman-api-1.conf\n    Wrote  :  ./foreman-api.conf\n    Wrote  :  ./foreman-log-1.conf\n    Wrote  :  ./foreman-log.conf\n    Wrote  :  ./foreman.conf\n\nYou can inspect your upstart files before placing them in the right\ndirectory, or have foreman do it for you:\n\n    $ sudo nf export -o /etc/init\n    Loaded ENV .env File as JSON Format\n    Wrote  :  /etc/init/foreman-api-1.conf\n    Wrote  :  /etc/init/foreman-web.conf\n    Wrote  :  /etc/init/foreman-api.conf\n    Wrote  :  /etc/init/foreman-log.conf\n    Wrote  :  /etc/init/foreman-log-1.conf\n    Wrote  :  /etc/init/foreman-web-1.conf\n    Wrote  :  /etc/init/foreman.conf\n\nStart and stop your jobs with\n\n    $ sudo start foreman\n    $ sudo stop foreman\n\nThe export will occur with whatever environmental variables are \nlisted in the .env file.\n\n### Systemd Support\n\n_This section is beta_\n\nOptionally specify a type `-t systemd` during export for [systemd](http://www.freedesktop.org/wiki/Software/systemd) support.\n\n### Advanced Exports\n\nYou can specify the type and number of processes exported using \nthe `type=num` syntax:\n\n    $ nf export web=2,api=2\n\nUse `-u <USER>` to have the exported job run as `USER`.\nNote that if you need to bind to privileged ports, you _must_\nstart as `root`. In such a case, we advise you to drop user\npermissions after binding.\n\nIf you want to call your upstart job something other than foreman,\nuse `-a <JOBNAME>` and manage your jobs with `sudo start <JOBNAME>`.\n\n## Reverse Proxy\n\nNode.js processes are supposed to be stateless.\nApplication scale by starting multiple processes that either share a socket,\nor sit behind a load balancer.\nNode Foreman can help you test the parallel capabilities of your application\nby spawning multiple processes behind a round-robin proxy automatically.\n\n\t$ nf start -x 8888 web=5\n\t[OKAY] Starting Proxy Server 8888 -> 5000-5004\n\nAccess your application from port `8888` and the connections will be balanced\nacross the servers started from ports `5000` - `5004`.\n\nIf your application gets its port number from `process.env.PORT` the proxy\nsetup will ocurr automatically.\n\n### Multiple Reverse Proxies\n\nIf you have multiple processes in your `Procfile` you can start multiple proxies.\n\n    $ nf start -x 8888,8080,9090\n\nThis will start 3 separate proxies and bind each to a separate process group.\nProxies are bound based on their order specified, their order in the Procfile,\nor by their order on the command line.\n\n    $ nf start -x 8888,9999 web,api\n\n### Privileged Ports\n\nNode Foreman disallows applications from starting on privileged ports.\nIt does however allow proxies to be bound to lower ports, such as port 80.\n\nIf you require access to a privileged port, start Node Foreman with `sudo`:\n\n\t$ sudo nf start -x 80 web=5\n\t[OKAY] Starting Proxy Server 80 -> 5000-5004\n\nYour application will then be accessible via port 80.\n\nYour applications will _still_ be started in user space, and the proxy will\ndrop its privileges after binding to the privileged port.\n\n## Forward Proxy\n\nLocal development and testing has huge advantages,\nbut sometimes one needs to test web applications agains their real-world domain name.\nEditing `/etc/hosts` is a pain however, and error prone.\n\nNode Foreman can start up an HTTP forward proxy which your browser can route requests through.\nThe forward proxy will intercept requests based on domain name, and route them to the local application.\n\n    $ nf start -f 9999 -h nodefly.com\n    [OKAY] Forward Proxy Started in Port 9999\n    [OKAY] Intercepting requests to nodefly.com through forward proxy\n\nA forward proxy is useful when testing OAuth, or other external services with application callbacks.\n\nFor users with Google Chrome, this can be paired with [Proxy Switch Sharp](http://switchy.samabox.com/) for great results.\n\n',
137 silly resolved     readmeFilename: 'README.md',
137 silly resolved     _id: 'foreman@0.0.25',
137 silly resolved     dist: { shasum: 'c1a9bff89bca4b38584f2685a4fa1da6041374ed' },
137 silly resolved     _from: 'foreman@',
137 silly resolved     _resolved: 'https://registry.npmjs.org/foreman/-/foreman-0.0.25.tgz' } ]
138 info install foreman@0.0.25 into /usr/local/lib
139 info installOne foreman@0.0.25
140 verbose from cache /home/santhu/.npm/foreman/0.0.25/package/package.json
141 info /usr/local/lib/node_modules/foreman unbuild
142 verbose read json /usr/local/lib/node_modules/foreman/package.json
143 verbose tar unpack /home/santhu/.npm/foreman/0.0.25/package.tgz
144 silly lockFile 123a18ea-r-local-lib-node-modules-foreman tar:///usr/local/lib/node_modules/foreman
145 verbose lock tar:///usr/local/lib/node_modules/foreman /home/santhu/.npm/123a18ea-r-local-lib-node-modules-foreman.lock
146 silly lockFile 99a79e02-u-npm-foreman-0-0-25-package-tgz tar:///home/santhu/.npm/foreman/0.0.25/package.tgz
147 verbose lock tar:///home/santhu/.npm/foreman/0.0.25/package.tgz /home/santhu/.npm/99a79e02-u-npm-foreman-0-0-25-package-tgz.lock
148 silly gunzTarPerm modes [ '755', '644' ]
149 error Error: EACCES, mkdir '/usr/local/lib/node_modules/foreman'
149 error  { [Error: EACCES, mkdir '/usr/local/lib/node_modules/foreman']
149 error   errno: 3,
149 error   code: 'EACCES',
149 error   path: '/usr/local/lib/node_modules/foreman',
149 error   fstream_type: 'Directory',
149 error   fstream_path: '/usr/local/lib/node_modules/foreman',
149 error   fstream_class: 'DirWriter',
149 error   fstream_stack:
149 error    [ '/usr/local/lib/node_modules/npm/node_modules/fstream/lib/dir-writer.js:36:23',
149 error      '/usr/local/lib/node_modules/npm/node_modules/mkdirp/index.js:37:53',
149 error      'Object.oncomplete (fs.js:107:15)' ] }
150 error Please try running this command again as root/Administrator.
151 error System Linux 3.5.0-34-lowlatency
152 error command "/usr/local/bin/node" "/usr/local/bin/npm" "install" "-g" "foreman"
153 error cwd /home/santhu/Desktop/work space/book-nod
154 error node -v v0.10.11
155 error npm -v 1.2.30
156 error path /usr/local/lib/node_modules/foreman
157 error fstream_path /usr/local/lib/node_modules/foreman
158 error fstream_type Directory
159 error fstream_class DirWriter
160 error code EACCES
161 error errno 3
162 error stack Error: EACCES, mkdir '/usr/local/lib/node_modules/foreman'
163 error fstream_stack /usr/local/lib/node_modules/npm/node_modules/fstream/lib/dir-writer.js:36:23
163 error fstream_stack /usr/local/lib/node_modules/npm/node_modules/mkdirp/index.js:37:53
163 error fstream_stack Object.oncomplete (fs.js:107:15)
164 verbose exit [ 3, true ]
